The target system is: Generic -  - arm
The host system is: Linux - 5.15.0-41-generic - x86_64
Compiling the C compiler identification source file "CMakeCCompilerId.c" succeeded.
Compiler: /home/jstidham/Downloads/gcc_arm_embedded/gcc-arm-11.2-2022.02-x86_64-arm-none-eabi/bin/arm-none-eabi-gcc -fdata-sections;-ffunction-sections;--specs=nano.specs;-Wl,--gc-sections
Build flags: 
Id flags: -c 

The output was:
0


Compilation of the C compiler identification source "CMakeCCompilerId.c" produced "CMakeCCompilerId.o"

The C compiler identification is GNU, found in "/home/jstidham/Desktop/Personal/Quadcopter/Code/RTOS/Build/CMakeFiles/3.16.3/CompilerIdC/CMakeCCompilerId.o"

Compiling the CXX compiler identification source file "CMakeCXXCompilerId.cpp" succeeded.
Compiler: /home/jstidham/Downloads/gcc_arm_embedded/gcc-arm-11.2-2022.02-x86_64-arm-none-eabi/bin/arm-none-eabi-g++ -fdata-sections;-ffunction-sections;--specs=nano.specs;-Wl,--gc-sections;-fno-rtti;-fno-exceptions;-fno-threadsafe-statics
Build flags: 
Id flags: -c 

The output was:
0


Compilation of the CXX compiler identification source "CMakeCXXCompilerId.cpp" produced "CMakeCXXCompilerId.o"

The CXX compiler identification is GNU, found in "/home/jstidham/Desktop/Personal/Quadcopter/Code/RTOS/Build/CMakeFiles/3.16.3/CompilerIdCXX/CMakeCXXCompilerId.o"

Determining if the C compiler works passed with the following output:
Change Dir: /home/jstidham/Desktop/Personal/Quadcopter/Code/RTOS/Build/CMakeFiles/CMakeTmp

Run Build Command(s):/usr/bin/make cmTC_e5d54/fast && /usr/bin/make -f CMakeFiles/cmTC_e5d54.dir/build.make CMakeFiles/cmTC_e5d54.dir/build
make[1]: Entering directory '/home/jstidham/Desktop/Personal/Quadcopter/Code/RTOS/Build/CMakeFiles/CMakeTmp'
Building C object CMakeFiles/cmTC_e5d54.dir/testCCompiler.c.obj
/home/jstidham/Downloads/gcc_arm_embedded/gcc-arm-11.2-2022.02-x86_64-arm-none-eabi/bin/arm-none-eabi-gcc  -fdata-sections -ffunction-sections --specs=nano.specs -Wl,--gc-sections    -o CMakeFiles/cmTC_e5d54.dir/testCCompiler.c.obj   -c /home/jstidham/Desktop/Personal/Quadcopter/Code/RTOS/Build/CMakeFiles/CMakeTmp/testCCompiler.c
Linking C static library libcmTC_e5d54.a
/usr/bin/cmake -P CMakeFiles/cmTC_e5d54.dir/cmake_clean_target.cmake
/usr/bin/cmake -E cmake_link_script CMakeFiles/cmTC_e5d54.dir/link.txt --verbose=1
/home/jstidham/Downloads/gcc_arm_embedded/gcc-arm-11.2-2022.02-x86_64-arm-none-eabi/bin/arm-none-eabi-ar qc libcmTC_e5d54.a  CMakeFiles/cmTC_e5d54.dir/testCCompiler.c.obj
/home/jstidham/Downloads/gcc_arm_embedded/gcc-arm-11.2-2022.02-x86_64-arm-none-eabi/bin/arm-none-eabi-ranlib libcmTC_e5d54.a
make[1]: Leaving directory '/home/jstidham/Desktop/Personal/Quadcopter/Code/RTOS/Build/CMakeFiles/CMakeTmp'



Detecting C compiler ABI info compiled with the following output:
Change Dir: /home/jstidham/Desktop/Personal/Quadcopter/Code/RTOS/Build/CMakeFiles/CMakeTmp

Run Build Command(s):/usr/bin/make cmTC_7f307/fast && /usr/bin/make -f CMakeFiles/cmTC_7f307.dir/build.make CMakeFiles/cmTC_7f307.dir/build
make[1]: Entering directory '/home/jstidham/Desktop/Personal/Quadcopter/Code/RTOS/Build/CMakeFiles/CMakeTmp'
Building C object CMakeFiles/cmTC_7f307.dir/CMakeCCompilerABI.c.obj
/home/jstidham/Downloads/gcc_arm_embedded/gcc-arm-11.2-2022.02-x86_64-arm-none-eabi/bin/arm-none-eabi-gcc  -fdata-sections -ffunction-sections --specs=nano.specs -Wl,--gc-sections   -v -o CMakeFiles/cmTC_7f307.dir/CMakeCCompilerABI.c.obj   -c /usr/share/cmake-3.16/Modules/CMakeCCompilerABI.c
Using built-in specs.
Reading specs from /home/jstidham/Downloads/gcc_arm_embedded/gcc-arm-11.2-2022.02-x86_64-arm-none-eabi/bin/../lib/gcc/arm-none-eabi/11.2.1/../../../../arm-none-eabi/lib/nano.specs
rename spec link to nano_link
rename spec link_gcc_c_sequence to nano_link_gcc_c_sequence
rename spec cpp_unique_options to nano_cpp_unique_options
COLLECT_GCC=/home/jstidham/Downloads/gcc_arm_embedded/gcc-arm-11.2-2022.02-x86_64-arm-none-eabi/bin/arm-none-eabi-gcc
Target: arm-none-eabi
Configured with: /data/jenkins/workspace/GNU-toolchain/arm-11/src/gcc/configure --target=arm-none-eabi --prefix=/data/jenkins/workspace/GNU-toolchain/arm-11/build-arm-none-eabi/install// --with-gmp=/data/jenkins/workspace/GNU-toolchain/arm-11/build-arm-none-eabi/host-tools --with-mpfr=/data/jenkins/workspace/GNU-toolchain/arm-11/build-arm-none-eabi/host-tools --with-mpc=/data/jenkins/workspace/GNU-toolchain/arm-11/build-arm-none-eabi/host-tools --with-isl=/data/jenkins/workspace/GNU-toolchain/arm-11/build-arm-none-eabi/host-tools --disable-shared --disable-nls --disable-threads --disable-tls --enable-checking=release --enable-languages=c,c++,fortran --with-newlib --with-multilib-list=aprofile,rmprofile --with-pkgversion='GNU Toolchain for the Arm Architecture 11.2-2022.02 (arm-11.14)' --with-bugurl=https://bugs.linaro.org/
Thread model: single
Supported LTO compression algorithms: zlib
gcc version 11.2.1 20220111 (GNU Toolchain for the Arm Architecture 11.2-2022.02 (arm-11.14)) 
COLLECT_GCC_OPTIONS='-fdata-sections' '-ffunction-sections' '-specs=nano.specs' '-v' '-o' 'CMakeFiles/cmTC_7f307.dir/CMakeCCompilerABI.c.obj' '-c' '-mcpu=arm7tdmi' '-mfloat-abi=soft' '-marm' '-mlibarch=armv4t' '-march=armv4t' '-dumpdir' 'CMakeFiles/cmTC_7f307.dir/'
 /home/jstidham/Downloads/gcc_arm_embedded/gcc-arm-11.2-2022.02-x86_64-arm-none-eabi/bin/../libexec/gcc/arm-none-eabi/11.2.1/cc1 -isystem =/include/newlib-nano -quiet -v -iprefix /home/jstidham/Downloads/gcc_arm_embedded/gcc-arm-11.2-2022.02-x86_64-arm-none-eabi/bin/../lib/gcc/arm-none-eabi/11.2.1/ -D__USES_INITFINI__ /usr/share/cmake-3.16/Modules/CMakeCCompilerABI.c -quiet -dumpdir CMakeFiles/cmTC_7f307.dir/ -dumpbase CMakeCCompilerABI.c.c -dumpbase-ext .c -mcpu=arm7tdmi -mfloat-abi=soft -marm -mlibarch=armv4t -march=armv4t -version -fdata-sections -ffunction-sections -o /tmp/ccGWMmYu.s
GNU C17 (GNU Toolchain for the Arm Architecture 11.2-2022.02 (arm-11.14)) version 11.2.1 20220111 (arm-none-eabi)
	compiled by GNU C version 4.8.5 20150623 (Red Hat 4.8.5-44), GMP version 6.2.1, MPFR version 3.1.6, MPC version 1.0.3, isl version isl-0.15-1-g835ea3a-GMP

GGC heuristics: --param ggc-min-expand=100 --param ggc-min-heapsize=131072
ignoring nonexistent directory "=/include/newlib-nano"
ignoring nonexistent directory "/home/jstidham/Downloads/gcc_arm_embedded/gcc-arm-11.2-2022.02-x86_64-arm-none-eabi/bin/../lib/gcc/arm-none-eabi/11.2.1/../../../../arm-none-eabi/sys-include"
ignoring duplicate directory "/home/jstidham/Downloads/gcc_arm_embedded/gcc-arm-11.2-2022.02-x86_64-arm-none-eabi/bin/../lib/gcc/../../lib/gcc/arm-none-eabi/11.2.1/include"
ignoring duplicate directory "/home/jstidham/Downloads/gcc_arm_embedded/gcc-arm-11.2-2022.02-x86_64-arm-none-eabi/bin/../lib/gcc/../../lib/gcc/arm-none-eabi/11.2.1/include-fixed"
ignoring nonexistent directory "/home/jstidham/Downloads/gcc_arm_embedded/gcc-arm-11.2-2022.02-x86_64-arm-none-eabi/bin/../lib/gcc/../../lib/gcc/arm-none-eabi/11.2.1/../../../../arm-none-eabi/sys-include"
ignoring duplicate directory "/home/jstidham/Downloads/gcc_arm_embedded/gcc-arm-11.2-2022.02-x86_64-arm-none-eabi/bin/../lib/gcc/../../lib/gcc/arm-none-eabi/11.2.1/../../../../arm-none-eabi/include"
#include "..." search starts here:
#include <...> search starts here:
 /home/jstidham/Downloads/gcc_arm_embedded/gcc-arm-11.2-2022.02-x86_64-arm-none-eabi/bin/../lib/gcc/arm-none-eabi/11.2.1/include
 /home/jstidham/Downloads/gcc_arm_embedded/gcc-arm-11.2-2022.02-x86_64-arm-none-eabi/bin/../lib/gcc/arm-none-eabi/11.2.1/include-fixed
 /home/jstidham/Downloads/gcc_arm_embedded/gcc-arm-11.2-2022.02-x86_64-arm-none-eabi/bin/../lib/gcc/arm-none-eabi/11.2.1/../../../../arm-none-eabi/include
End of search list.
GNU C17 (GNU Toolchain for the Arm Architecture 11.2-2022.02 (arm-11.14)) version 11.2.1 20220111 (arm-none-eabi)
	compiled by GNU C version 4.8.5 20150623 (Red Hat 4.8.5-44), GMP version 6.2.1, MPFR version 3.1.6, MPC version 1.0.3, isl version isl-0.15-1-g835ea3a-GMP

GGC heuristics: --param ggc-min-expand=100 --param ggc-min-heapsize=131072
Compiler executable checksum: bbcc971fe1d982fd7c3c6bbfd8b1bd3d
COLLECT_GCC_OPTIONS='-fdata-sections' '-ffunction-sections' '-specs=nano.specs' '-v' '-o' 'CMakeFiles/cmTC_7f307.dir/CMakeCCompilerABI.c.obj' '-c' '-mcpu=arm7tdmi' '-mfloat-abi=soft' '-marm' '-mlibarch=armv4t' '-march=armv4t' '-dumpdir' 'CMakeFiles/cmTC_7f307.dir/'
 /home/jstidham/Downloads/gcc_arm_embedded/gcc-arm-11.2-2022.02-x86_64-arm-none-eabi/bin/../lib/gcc/arm-none-eabi/11.2.1/../../../../arm-none-eabi/bin/as -march=armv4t -mfloat-abi=soft -meabi=5 -o CMakeFiles/cmTC_7f307.dir/CMakeCCompilerABI.c.obj /tmp/ccGWMmYu.s
COMPILER_PATH=/home/jstidham/Downloads/gcc_arm_embedded/gcc-arm-11.2-2022.02-x86_64-arm-none-eabi/bin/../libexec/gcc/arm-none-eabi/11.2.1/:/home/jstidham/Downloads/gcc_arm_embedded/gcc-arm-11.2-2022.02-x86_64-arm-none-eabi/bin/../libexec/gcc/:/home/jstidham/Downloads/gcc_arm_embedded/gcc-arm-11.2-2022.02-x86_64-arm-none-eabi/bin/../lib/gcc/arm-none-eabi/11.2.1/../../../../arm-none-eabi/bin/
LIBRARY_PATH=/home/jstidham/Downloads/gcc_arm_embedded/gcc-arm-11.2-2022.02-x86_64-arm-none-eabi/bin/../lib/gcc/arm-none-eabi/11.2.1/:/home/jstidham/Downloads/gcc_arm_embedded/gcc-arm-11.2-2022.02-x86_64-arm-none-eabi/bin/../lib/gcc/:/home/jstidham/Downloads/gcc_arm_embedded/gcc-arm-11.2-2022.02-x86_64-arm-none-eabi/bin/../lib/gcc/arm-none-eabi/11.2.1/../../../../arm-none-eabi/lib/
COLLECT_GCC_OPTIONS='-fdata-sections' '-ffunction-sections' '-specs=nano.specs' '-v' '-o' 'CMakeFiles/cmTC_7f307.dir/CMakeCCompilerABI.c.obj' '-c' '-mcpu=arm7tdmi' '-mfloat-abi=soft' '-marm' '-mlibarch=armv4t' '-march=armv4t' '-dumpdir' 'CMakeFiles/cmTC_7f307.dir/CMakeCCompilerABI.c.'
Linking C static library libcmTC_7f307.a
/usr/bin/cmake -P CMakeFiles/cmTC_7f307.dir/cmake_clean_target.cmake
/usr/bin/cmake -E cmake_link_script CMakeFiles/cmTC_7f307.dir/link.txt --verbose=1
/home/jstidham/Downloads/gcc_arm_embedded/gcc-arm-11.2-2022.02-x86_64-arm-none-eabi/bin/arm-none-eabi-ar qc libcmTC_7f307.a  CMakeFiles/cmTC_7f307.dir/CMakeCCompilerABI.c.obj
/home/jstidham/Downloads/gcc_arm_embedded/gcc-arm-11.2-2022.02-x86_64-arm-none-eabi/bin/arm-none-eabi-ranlib libcmTC_7f307.a
make[1]: Leaving directory '/home/jstidham/Desktop/Personal/Quadcopter/Code/RTOS/Build/CMakeFiles/CMakeTmp'



Parsed C implicit include dir info from above output: rv=done
  found start of include info
  found start of implicit include info
    add: [/home/jstidham/Downloads/gcc_arm_embedded/gcc-arm-11.2-2022.02-x86_64-arm-none-eabi/bin/../lib/gcc/arm-none-eabi/11.2.1/include]
    add: [/home/jstidham/Downloads/gcc_arm_embedded/gcc-arm-11.2-2022.02-x86_64-arm-none-eabi/bin/../lib/gcc/arm-none-eabi/11.2.1/include-fixed]
    add: [/home/jstidham/Downloads/gcc_arm_embedded/gcc-arm-11.2-2022.02-x86_64-arm-none-eabi/bin/../lib/gcc/arm-none-eabi/11.2.1/../../../../arm-none-eabi/include]
  end of search list found
  collapse include dir [/home/jstidham/Downloads/gcc_arm_embedded/gcc-arm-11.2-2022.02-x86_64-arm-none-eabi/bin/../lib/gcc/arm-none-eabi/11.2.1/include] ==> [/home/jstidham/Downloads/gcc_arm_embedded/gcc-arm-11.2-2022.02-x86_64-arm-none-eabi/lib/gcc/arm-none-eabi/11.2.1/include]
  collapse include dir [/home/jstidham/Downloads/gcc_arm_embedded/gcc-arm-11.2-2022.02-x86_64-arm-none-eabi/bin/../lib/gcc/arm-none-eabi/11.2.1/include-fixed] ==> [/home/jstidham/Downloads/gcc_arm_embedded/gcc-arm-11.2-2022.02-x86_64-arm-none-eabi/lib/gcc/arm-none-eabi/11.2.1/include-fixed]
  collapse include dir [/home/jstidham/Downloads/gcc_arm_embedded/gcc-arm-11.2-2022.02-x86_64-arm-none-eabi/bin/../lib/gcc/arm-none-eabi/11.2.1/../../../../arm-none-eabi/include] ==> [/home/jstidham/Downloads/gcc_arm_embedded/gcc-arm-11.2-2022.02-x86_64-arm-none-eabi/arm-none-eabi/include]
  implicit include dirs: [/home/jstidham/Downloads/gcc_arm_embedded/gcc-arm-11.2-2022.02-x86_64-arm-none-eabi/lib/gcc/arm-none-eabi/11.2.1/include;/home/jstidham/Downloads/gcc_arm_embedded/gcc-arm-11.2-2022.02-x86_64-arm-none-eabi/lib/gcc/arm-none-eabi/11.2.1/include-fixed;/home/jstidham/Downloads/gcc_arm_embedded/gcc-arm-11.2-2022.02-x86_64-arm-none-eabi/arm-none-eabi/include]


Parsed C implicit link information from above output:
  link line regex: [^( *|.*[/\])(arm-none-eabi-ld|CMAKE_LINK_STARTFILE-NOTFOUND|([^/\]+-)?ld|collect2)[^/\]*( |$)]
  ignore line: [Change Dir: /home/jstidham/Desktop/Personal/Quadcopter/Code/RTOS/Build/CMakeFiles/CMakeTmp]
  ignore line: []
  ignore line: [Run Build Command(s):/usr/bin/make cmTC_7f307/fast && /usr/bin/make -f CMakeFiles/cmTC_7f307.dir/build.make CMakeFiles/cmTC_7f307.dir/build]
  ignore line: [make[1]: Entering directory '/home/jstidham/Desktop/Personal/Quadcopter/Code/RTOS/Build/CMakeFiles/CMakeTmp']
  ignore line: [Building C object CMakeFiles/cmTC_7f307.dir/CMakeCCompilerABI.c.obj]
  ignore line: [/home/jstidham/Downloads/gcc_arm_embedded/gcc-arm-11.2-2022.02-x86_64-arm-none-eabi/bin/arm-none-eabi-gcc  -fdata-sections -ffunction-sections --specs=nano.specs -Wl --gc-sections   -v -o CMakeFiles/cmTC_7f307.dir/CMakeCCompilerABI.c.obj   -c /usr/share/cmake-3.16/Modules/CMakeCCompilerABI.c]
  ignore line: [Using built-in specs.]
  ignore line: [Reading specs from /home/jstidham/Downloads/gcc_arm_embedded/gcc-arm-11.2-2022.02-x86_64-arm-none-eabi/bin/../lib/gcc/arm-none-eabi/11.2.1/../../../../arm-none-eabi/lib/nano.specs]
  ignore line: [rename spec link to nano_link]
  ignore line: [rename spec link_gcc_c_sequence to nano_link_gcc_c_sequence]
  ignore line: [rename spec cpp_unique_options to nano_cpp_unique_options]
  ignore line: [COLLECT_GCC=/home/jstidham/Downloads/gcc_arm_embedded/gcc-arm-11.2-2022.02-x86_64-arm-none-eabi/bin/arm-none-eabi-gcc]
  ignore line: [Target: arm-none-eabi]
  ignore line: [Configured with: /data/jenkins/workspace/GNU-toolchain/arm-11/src/gcc/configure --target=arm-none-eabi --prefix=/data/jenkins/workspace/GNU-toolchain/arm-11/build-arm-none-eabi/install// --with-gmp=/data/jenkins/workspace/GNU-toolchain/arm-11/build-arm-none-eabi/host-tools --with-mpfr=/data/jenkins/workspace/GNU-toolchain/arm-11/build-arm-none-eabi/host-tools --with-mpc=/data/jenkins/workspace/GNU-toolchain/arm-11/build-arm-none-eabi/host-tools --with-isl=/data/jenkins/workspace/GNU-toolchain/arm-11/build-arm-none-eabi/host-tools --disable-shared --disable-nls --disable-threads --disable-tls --enable-checking=release --enable-languages=c c++ fortran --with-newlib --with-multilib-list=aprofile rmprofile --with-pkgversion='GNU Toolchain for the Arm Architecture 11.2-2022.02 (arm-11.14)' --with-bugurl=https://bugs.linaro.org/]
  ignore line: [Thread model: single]
  ignore line: [Supported LTO compression algorithms: zlib]
  ignore line: [gcc version 11.2.1 20220111 (GNU Toolchain for the Arm Architecture 11.2-2022.02 (arm-11.14)) ]
  ignore line: [COLLECT_GCC_OPTIONS='-fdata-sections' '-ffunction-sections' '-specs=nano.specs' '-v' '-o' 'CMakeFiles/cmTC_7f307.dir/CMakeCCompilerABI.c.obj' '-c' '-mcpu=arm7tdmi' '-mfloat-abi=soft' '-marm' '-mlibarch=armv4t' '-march=armv4t' '-dumpdir' 'CMakeFiles/cmTC_7f307.dir/']
  ignore line: [ /home/jstidham/Downloads/gcc_arm_embedded/gcc-arm-11.2-2022.02-x86_64-arm-none-eabi/bin/../libexec/gcc/arm-none-eabi/11.2.1/cc1 -isystem =/include/newlib-nano -quiet -v -iprefix /home/jstidham/Downloads/gcc_arm_embedded/gcc-arm-11.2-2022.02-x86_64-arm-none-eabi/bin/../lib/gcc/arm-none-eabi/11.2.1/ -D__USES_INITFINI__ /usr/share/cmake-3.16/Modules/CMakeCCompilerABI.c -quiet -dumpdir CMakeFiles/cmTC_7f307.dir/ -dumpbase CMakeCCompilerABI.c.c -dumpbase-ext .c -mcpu=arm7tdmi -mfloat-abi=soft -marm -mlibarch=armv4t -march=armv4t -version -fdata-sections -ffunction-sections -o /tmp/ccGWMmYu.s]
  ignore line: [GNU C17 (GNU Toolchain for the Arm Architecture 11.2-2022.02 (arm-11.14)) version 11.2.1 20220111 (arm-none-eabi)]
  ignore line: [	compiled by GNU C version 4.8.5 20150623 (Red Hat 4.8.5-44)  GMP version 6.2.1  MPFR version 3.1.6  MPC version 1.0.3  isl version isl-0.15-1-g835ea3a-GMP]
  ignore line: []
  ignore line: [GGC heuristics: --param ggc-min-expand=100 --param ggc-min-heapsize=131072]
  ignore line: [ignoring nonexistent directory "=/include/newlib-nano"]
  ignore line: [ignoring nonexistent directory "/home/jstidham/Downloads/gcc_arm_embedded/gcc-arm-11.2-2022.02-x86_64-arm-none-eabi/bin/../lib/gcc/arm-none-eabi/11.2.1/../../../../arm-none-eabi/sys-include"]
  ignore line: [ignoring duplicate directory "/home/jstidham/Downloads/gcc_arm_embedded/gcc-arm-11.2-2022.02-x86_64-arm-none-eabi/bin/../lib/gcc/../../lib/gcc/arm-none-eabi/11.2.1/include"]
  ignore line: [ignoring duplicate directory "/home/jstidham/Downloads/gcc_arm_embedded/gcc-arm-11.2-2022.02-x86_64-arm-none-eabi/bin/../lib/gcc/../../lib/gcc/arm-none-eabi/11.2.1/include-fixed"]
  ignore line: [ignoring nonexistent directory "/home/jstidham/Downloads/gcc_arm_embedded/gcc-arm-11.2-2022.02-x86_64-arm-none-eabi/bin/../lib/gcc/../../lib/gcc/arm-none-eabi/11.2.1/../../../../arm-none-eabi/sys-include"]
  ignore line: [ignoring duplicate directory "/home/jstidham/Downloads/gcc_arm_embedded/gcc-arm-11.2-2022.02-x86_64-arm-none-eabi/bin/../lib/gcc/../../lib/gcc/arm-none-eabi/11.2.1/../../../../arm-none-eabi/include"]
  ignore line: [#include "..." search starts here:]
  ignore line: [#include <...> search starts here:]
  ignore line: [ /home/jstidham/Downloads/gcc_arm_embedded/gcc-arm-11.2-2022.02-x86_64-arm-none-eabi/bin/../lib/gcc/arm-none-eabi/11.2.1/include]
  ignore line: [ /home/jstidham/Downloads/gcc_arm_embedded/gcc-arm-11.2-2022.02-x86_64-arm-none-eabi/bin/../lib/gcc/arm-none-eabi/11.2.1/include-fixed]
  ignore line: [ /home/jstidham/Downloads/gcc_arm_embedded/gcc-arm-11.2-2022.02-x86_64-arm-none-eabi/bin/../lib/gcc/arm-none-eabi/11.2.1/../../../../arm-none-eabi/include]
  ignore line: [End of search list.]
  ignore line: [GNU C17 (GNU Toolchain for the Arm Architecture 11.2-2022.02 (arm-11.14)) version 11.2.1 20220111 (arm-none-eabi)]
  ignore line: [	compiled by GNU C version 4.8.5 20150623 (Red Hat 4.8.5-44)  GMP version 6.2.1  MPFR version 3.1.6  MPC version 1.0.3  isl version isl-0.15-1-g835ea3a-GMP]
  ignore line: []
  ignore line: [GGC heuristics: --param ggc-min-expand=100 --param ggc-min-heapsize=131072]
  ignore line: [Compiler executable checksum: bbcc971fe1d982fd7c3c6bbfd8b1bd3d]
  ignore line: [COLLECT_GCC_OPTIONS='-fdata-sections' '-ffunction-sections' '-specs=nano.specs' '-v' '-o' 'CMakeFiles/cmTC_7f307.dir/CMakeCCompilerABI.c.obj' '-c' '-mcpu=arm7tdmi' '-mfloat-abi=soft' '-marm' '-mlibarch=armv4t' '-march=armv4t' '-dumpdir' 'CMakeFiles/cmTC_7f307.dir/']
  ignore line: [ /home/jstidham/Downloads/gcc_arm_embedded/gcc-arm-11.2-2022.02-x86_64-arm-none-eabi/bin/../lib/gcc/arm-none-eabi/11.2.1/../../../../arm-none-eabi/bin/as -march=armv4t -mfloat-abi=soft -meabi=5 -o CMakeFiles/cmTC_7f307.dir/CMakeCCompilerABI.c.obj /tmp/ccGWMmYu.s]
  ignore line: [COMPILER_PATH=/home/jstidham/Downloads/gcc_arm_embedded/gcc-arm-11.2-2022.02-x86_64-arm-none-eabi/bin/../libexec/gcc/arm-none-eabi/11.2.1/:/home/jstidham/Downloads/gcc_arm_embedded/gcc-arm-11.2-2022.02-x86_64-arm-none-eabi/bin/../libexec/gcc/:/home/jstidham/Downloads/gcc_arm_embedded/gcc-arm-11.2-2022.02-x86_64-arm-none-eabi/bin/../lib/gcc/arm-none-eabi/11.2.1/../../../../arm-none-eabi/bin/]
  ignore line: [LIBRARY_PATH=/home/jstidham/Downloads/gcc_arm_embedded/gcc-arm-11.2-2022.02-x86_64-arm-none-eabi/bin/../lib/gcc/arm-none-eabi/11.2.1/:/home/jstidham/Downloads/gcc_arm_embedded/gcc-arm-11.2-2022.02-x86_64-arm-none-eabi/bin/../lib/gcc/:/home/jstidham/Downloads/gcc_arm_embedded/gcc-arm-11.2-2022.02-x86_64-arm-none-eabi/bin/../lib/gcc/arm-none-eabi/11.2.1/../../../../arm-none-eabi/lib/]
  ignore line: [COLLECT_GCC_OPTIONS='-fdata-sections' '-ffunction-sections' '-specs=nano.specs' '-v' '-o' 'CMakeFiles/cmTC_7f307.dir/CMakeCCompilerABI.c.obj' '-c' '-mcpu=arm7tdmi' '-mfloat-abi=soft' '-marm' '-mlibarch=armv4t' '-march=armv4t' '-dumpdir' 'CMakeFiles/cmTC_7f307.dir/CMakeCCompilerABI.c.']
  ignore line: [Linking C static library libcmTC_7f307.a]
  ignore line: [/usr/bin/cmake -P CMakeFiles/cmTC_7f307.dir/cmake_clean_target.cmake]
  ignore line: [/usr/bin/cmake -E cmake_link_script CMakeFiles/cmTC_7f307.dir/link.txt --verbose=1]
  ignore line: [/home/jstidham/Downloads/gcc_arm_embedded/gcc-arm-11.2-2022.02-x86_64-arm-none-eabi/bin/arm-none-eabi-ar qc libcmTC_7f307.a  CMakeFiles/cmTC_7f307.dir/CMakeCCompilerABI.c.obj]
  ignore line: [/home/jstidham/Downloads/gcc_arm_embedded/gcc-arm-11.2-2022.02-x86_64-arm-none-eabi/bin/arm-none-eabi-ranlib libcmTC_7f307.a]
  ignore line: [make[1]: Leaving directory '/home/jstidham/Desktop/Personal/Quadcopter/Code/RTOS/Build/CMakeFiles/CMakeTmp']
  ignore line: []
  ignore line: []
  implicit libs: []
  implicit dirs: []
  implicit fwks: []


Determining if the CXX compiler works passed with the following output:
Change Dir: /home/jstidham/Desktop/Personal/Quadcopter/Code/RTOS/Build/CMakeFiles/CMakeTmp

Run Build Command(s):/usr/bin/make cmTC_78b43/fast && /usr/bin/make -f CMakeFiles/cmTC_78b43.dir/build.make CMakeFiles/cmTC_78b43.dir/build
make[1]: Entering directory '/home/jstidham/Desktop/Personal/Quadcopter/Code/RTOS/Build/CMakeFiles/CMakeTmp'
Building CXX object CMakeFiles/cmTC_78b43.dir/testCXXCompiler.cxx.obj
/home/jstidham/Downloads/gcc_arm_embedded/gcc-arm-11.2-2022.02-x86_64-arm-none-eabi/bin/arm-none-eabi-g++  -fdata-sections -ffunction-sections --specs=nano.specs -Wl,--gc-sections -fno-rtti -fno-exceptions -fno-threadsafe-statics     -o CMakeFiles/cmTC_78b43.dir/testCXXCompiler.cxx.obj -c /home/jstidham/Desktop/Personal/Quadcopter/Code/RTOS/Build/CMakeFiles/CMakeTmp/testCXXCompiler.cxx
Linking CXX static library libcmTC_78b43.a
/usr/bin/cmake -P CMakeFiles/cmTC_78b43.dir/cmake_clean_target.cmake
/usr/bin/cmake -E cmake_link_script CMakeFiles/cmTC_78b43.dir/link.txt --verbose=1
/home/jstidham/Downloads/gcc_arm_embedded/gcc-arm-11.2-2022.02-x86_64-arm-none-eabi/bin/arm-none-eabi-ar qc libcmTC_78b43.a  CMakeFiles/cmTC_78b43.dir/testCXXCompiler.cxx.obj
/home/jstidham/Downloads/gcc_arm_embedded/gcc-arm-11.2-2022.02-x86_64-arm-none-eabi/bin/arm-none-eabi-ranlib libcmTC_78b43.a
make[1]: Leaving directory '/home/jstidham/Desktop/Personal/Quadcopter/Code/RTOS/Build/CMakeFiles/CMakeTmp'



Detecting CXX compiler ABI info compiled with the following output:
Change Dir: /home/jstidham/Desktop/Personal/Quadcopter/Code/RTOS/Build/CMakeFiles/CMakeTmp

Run Build Command(s):/usr/bin/make cmTC_d5630/fast && /usr/bin/make -f CMakeFiles/cmTC_d5630.dir/build.make CMakeFiles/cmTC_d5630.dir/build
make[1]: Entering directory '/home/jstidham/Desktop/Personal/Quadcopter/Code/RTOS/Build/CMakeFiles/CMakeTmp'
Building CXX object CMakeFiles/cmTC_d5630.dir/CMakeCXXCompilerABI.cpp.obj
/home/jstidham/Downloads/gcc_arm_embedded/gcc-arm-11.2-2022.02-x86_64-arm-none-eabi/bin/arm-none-eabi-g++  -fdata-sections -ffunction-sections --specs=nano.specs -Wl,--gc-sections -fno-rtti -fno-exceptions -fno-threadsafe-statics    -v -o CMakeFiles/cmTC_d5630.dir/CMakeCXXCompilerABI.cpp.obj -c /usr/share/cmake-3.16/Modules/CMakeCXXCompilerABI.cpp
Using built-in specs.
Reading specs from /home/jstidham/Downloads/gcc_arm_embedded/gcc-arm-11.2-2022.02-x86_64-arm-none-eabi/bin/../lib/gcc/arm-none-eabi/11.2.1/../../../../arm-none-eabi/lib/nano.specs
rename spec link to nano_link
rename spec link_gcc_c_sequence to nano_link_gcc_c_sequence
rename spec cpp_unique_options to nano_cpp_unique_options
COLLECT_GCC=/home/jstidham/Downloads/gcc_arm_embedded/gcc-arm-11.2-2022.02-x86_64-arm-none-eabi/bin/arm-none-eabi-g++
Target: arm-none-eabi
Configured with: /data/jenkins/workspace/GNU-toolchain/arm-11/src/gcc/configure --target=arm-none-eabi --prefix=/data/jenkins/workspace/GNU-toolchain/arm-11/build-arm-none-eabi/install// --with-gmp=/data/jenkins/workspace/GNU-toolchain/arm-11/build-arm-none-eabi/host-tools --with-mpfr=/data/jenkins/workspace/GNU-toolchain/arm-11/build-arm-none-eabi/host-tools --with-mpc=/data/jenkins/workspace/GNU-toolchain/arm-11/build-arm-none-eabi/host-tools --with-isl=/data/jenkins/workspace/GNU-toolchain/arm-11/build-arm-none-eabi/host-tools --disable-shared --disable-nls --disable-threads --disable-tls --enable-checking=release --enable-languages=c,c++,fortran --with-newlib --with-multilib-list=aprofile,rmprofile --with-pkgversion='GNU Toolchain for the Arm Architecture 11.2-2022.02 (arm-11.14)' --with-bugurl=https://bugs.linaro.org/
Thread model: single
Supported LTO compression algorithms: zlib
gcc version 11.2.1 20220111 (GNU Toolchain for the Arm Architecture 11.2-2022.02 (arm-11.14)) 
COLLECT_GCC_OPTIONS='-fdata-sections' '-ffunction-sections' '-specs=nano.specs' '-fno-rtti' '-fno-exceptions' '-fno-threadsafe-statics' '-v' '-o' 'CMakeFiles/cmTC_d5630.dir/CMakeCXXCompilerABI.cpp.obj' '-c' '-mcpu=arm7tdmi' '-mfloat-abi=soft' '-marm' '-mlibarch=armv4t' '-march=armv4t' '-dumpdir' 'CMakeFiles/cmTC_d5630.dir/'
 /home/jstidham/Downloads/gcc_arm_embedded/gcc-arm-11.2-2022.02-x86_64-arm-none-eabi/bin/../libexec/gcc/arm-none-eabi/11.2.1/cc1plus -isystem =/include/newlib-nano -quiet -v -iprefix /home/jstidham/Downloads/gcc_arm_embedded/gcc-arm-11.2-2022.02-x86_64-arm-none-eabi/bin/../lib/gcc/arm-none-eabi/11.2.1/ -D__USES_INITFINI__ /usr/share/cmake-3.16/Modules/CMakeCXXCompilerABI.cpp -quiet -dumpdir CMakeFiles/cmTC_d5630.dir/ -dumpbase CMakeCXXCompilerABI.cpp.cpp -dumpbase-ext .cpp -mcpu=arm7tdmi -mfloat-abi=soft -marm -mlibarch=armv4t -march=armv4t -version -fdata-sections -ffunction-sections -fno-rtti -fno-exceptions -fno-threadsafe-statics -o /tmp/ccebyact.s
GNU C++17 (GNU Toolchain for the Arm Architecture 11.2-2022.02 (arm-11.14)) version 11.2.1 20220111 (arm-none-eabi)
	compiled by GNU C version 4.8.5 20150623 (Red Hat 4.8.5-44), GMP version 6.2.1, MPFR version 3.1.6, MPC version 1.0.3, isl version isl-0.15-1-g835ea3a-GMP

GGC heuristics: --param ggc-min-expand=100 --param ggc-min-heapsize=131072
ignoring nonexistent directory "=/include/newlib-nano"
ignoring nonexistent directory "/home/jstidham/Downloads/gcc_arm_embedded/gcc-arm-11.2-2022.02-x86_64-arm-none-eabi/bin/../lib/gcc/arm-none-eabi/11.2.1/../../../../arm-none-eabi/sys-include"
ignoring duplicate directory "/home/jstidham/Downloads/gcc_arm_embedded/gcc-arm-11.2-2022.02-x86_64-arm-none-eabi/bin/../lib/gcc/../../lib/gcc/arm-none-eabi/11.2.1/../../../../arm-none-eabi/include/c++/11.2.1"
ignoring duplicate directory "/home/jstidham/Downloads/gcc_arm_embedded/gcc-arm-11.2-2022.02-x86_64-arm-none-eabi/bin/../lib/gcc/../../lib/gcc/arm-none-eabi/11.2.1/../../../../arm-none-eabi/include/c++/11.2.1/arm-none-eabi"
ignoring duplicate directory "/home/jstidham/Downloads/gcc_arm_embedded/gcc-arm-11.2-2022.02-x86_64-arm-none-eabi/bin/../lib/gcc/../../lib/gcc/arm-none-eabi/11.2.1/../../../../arm-none-eabi/include/c++/11.2.1/backward"
ignoring duplicate directory "/home/jstidham/Downloads/gcc_arm_embedded/gcc-arm-11.2-2022.02-x86_64-arm-none-eabi/bin/../lib/gcc/../../lib/gcc/arm-none-eabi/11.2.1/include"
ignoring duplicate directory "/home/jstidham/Downloads/gcc_arm_embedded/gcc-arm-11.2-2022.02-x86_64-arm-none-eabi/bin/../lib/gcc/../../lib/gcc/arm-none-eabi/11.2.1/include-fixed"
ignoring nonexistent directory "/home/jstidham/Downloads/gcc_arm_embedded/gcc-arm-11.2-2022.02-x86_64-arm-none-eabi/bin/../lib/gcc/../../lib/gcc/arm-none-eabi/11.2.1/../../../../arm-none-eabi/sys-include"
ignoring duplicate directory "/home/jstidham/Downloads/gcc_arm_embedded/gcc-arm-11.2-2022.02-x86_64-arm-none-eabi/bin/../lib/gcc/../../lib/gcc/arm-none-eabi/11.2.1/../../../../arm-none-eabi/include"
#include "..." search starts here:
#include <...> search starts here:
 /home/jstidham/Downloads/gcc_arm_embedded/gcc-arm-11.2-2022.02-x86_64-arm-none-eabi/bin/../lib/gcc/arm-none-eabi/11.2.1/../../../../arm-none-eabi/include/c++/11.2.1
 /home/jstidham/Downloads/gcc_arm_embedded/gcc-arm-11.2-2022.02-x86_64-arm-none-eabi/bin/../lib/gcc/arm-none-eabi/11.2.1/../../../../arm-none-eabi/include/c++/11.2.1/arm-none-eabi
 /home/jstidham/Downloads/gcc_arm_embedded/gcc-arm-11.2-2022.02-x86_64-arm-none-eabi/bin/../lib/gcc/arm-none-eabi/11.2.1/../../../../arm-none-eabi/include/c++/11.2.1/backward
 /home/jstidham/Downloads/gcc_arm_embedded/gcc-arm-11.2-2022.02-x86_64-arm-none-eabi/bin/../lib/gcc/arm-none-eabi/11.2.1/include
 /home/jstidham/Downloads/gcc_arm_embedded/gcc-arm-11.2-2022.02-x86_64-arm-none-eabi/bin/../lib/gcc/arm-none-eabi/11.2.1/include-fixed
 /home/jstidham/Downloads/gcc_arm_embedded/gcc-arm-11.2-2022.02-x86_64-arm-none-eabi/bin/../lib/gcc/arm-none-eabi/11.2.1/../../../../arm-none-eabi/include
End of search list.
GNU C++17 (GNU Toolchain for the Arm Architecture 11.2-2022.02 (arm-11.14)) version 11.2.1 20220111 (arm-none-eabi)
	compiled by GNU C version 4.8.5 20150623 (Red Hat 4.8.5-44), GMP version 6.2.1, MPFR version 3.1.6, MPC version 1.0.3, isl version isl-0.15-1-g835ea3a-GMP

GGC heuristics: --param ggc-min-expand=100 --param ggc-min-heapsize=131072
Compiler executable checksum: 9ad272ca4cdc7e8f27d55cab27a14a24
COLLECT_GCC_OPTIONS='-fdata-sections' '-ffunction-sections' '-specs=nano.specs' '-fno-rtti' '-fno-exceptions' '-fno-threadsafe-statics' '-v' '-o' 'CMakeFiles/cmTC_d5630.dir/CMakeCXXCompilerABI.cpp.obj' '-c' '-mcpu=arm7tdmi' '-mfloat-abi=soft' '-marm' '-mlibarch=armv4t' '-march=armv4t' '-dumpdir' 'CMakeFiles/cmTC_d5630.dir/'
 /home/jstidham/Downloads/gcc_arm_embedded/gcc-arm-11.2-2022.02-x86_64-arm-none-eabi/bin/../lib/gcc/arm-none-eabi/11.2.1/../../../../arm-none-eabi/bin/as -march=armv4t -mfloat-abi=soft -meabi=5 -o CMakeFiles/cmTC_d5630.dir/CMakeCXXCompilerABI.cpp.obj /tmp/ccebyact.s
COMPILER_PATH=/home/jstidham/Downloads/gcc_arm_embedded/gcc-arm-11.2-2022.02-x86_64-arm-none-eabi/bin/../libexec/gcc/arm-none-eabi/11.2.1/:/home/jstidham/Downloads/gcc_arm_embedded/gcc-arm-11.2-2022.02-x86_64-arm-none-eabi/bin/../libexec/gcc/:/home/jstidham/Downloads/gcc_arm_embedded/gcc-arm-11.2-2022.02-x86_64-arm-none-eabi/bin/../lib/gcc/arm-none-eabi/11.2.1/../../../../arm-none-eabi/bin/
LIBRARY_PATH=/home/jstidham/Downloads/gcc_arm_embedded/gcc-arm-11.2-2022.02-x86_64-arm-none-eabi/bin/../lib/gcc/arm-none-eabi/11.2.1/:/home/jstidham/Downloads/gcc_arm_embedded/gcc-arm-11.2-2022.02-x86_64-arm-none-eabi/bin/../lib/gcc/:/home/jstidham/Downloads/gcc_arm_embedded/gcc-arm-11.2-2022.02-x86_64-arm-none-eabi/bin/../lib/gcc/arm-none-eabi/11.2.1/../../../../arm-none-eabi/lib/
COLLECT_GCC_OPTIONS='-fdata-sections' '-ffunction-sections' '-specs=nano.specs' '-fno-rtti' '-fno-exceptions' '-fno-threadsafe-statics' '-v' '-o' 'CMakeFiles/cmTC_d5630.dir/CMakeCXXCompilerABI.cpp.obj' '-c' '-mcpu=arm7tdmi' '-mfloat-abi=soft' '-marm' '-mlibarch=armv4t' '-march=armv4t' '-dumpdir' 'CMakeFiles/cmTC_d5630.dir/CMakeCXXCompilerABI.cpp.'
Linking CXX static library libcmTC_d5630.a
/usr/bin/cmake -P CMakeFiles/cmTC_d5630.dir/cmake_clean_target.cmake
/usr/bin/cmake -E cmake_link_script CMakeFiles/cmTC_d5630.dir/link.txt --verbose=1
/home/jstidham/Downloads/gcc_arm_embedded/gcc-arm-11.2-2022.02-x86_64-arm-none-eabi/bin/arm-none-eabi-ar qc libcmTC_d5630.a  CMakeFiles/cmTC_d5630.dir/CMakeCXXCompilerABI.cpp.obj
/home/jstidham/Downloads/gcc_arm_embedded/gcc-arm-11.2-2022.02-x86_64-arm-none-eabi/bin/arm-none-eabi-ranlib libcmTC_d5630.a
make[1]: Leaving directory '/home/jstidham/Desktop/Personal/Quadcopter/Code/RTOS/Build/CMakeFiles/CMakeTmp'



Parsed CXX implicit include dir info from above output: rv=done
  found start of include info
  found start of implicit include info
    add: [/home/jstidham/Downloads/gcc_arm_embedded/gcc-arm-11.2-2022.02-x86_64-arm-none-eabi/bin/../lib/gcc/arm-none-eabi/11.2.1/../../../../arm-none-eabi/include/c++/11.2.1]
    add: [/home/jstidham/Downloads/gcc_arm_embedded/gcc-arm-11.2-2022.02-x86_64-arm-none-eabi/bin/../lib/gcc/arm-none-eabi/11.2.1/../../../../arm-none-eabi/include/c++/11.2.1/arm-none-eabi]
    add: [/home/jstidham/Downloads/gcc_arm_embedded/gcc-arm-11.2-2022.02-x86_64-arm-none-eabi/bin/../lib/gcc/arm-none-eabi/11.2.1/../../../../arm-none-eabi/include/c++/11.2.1/backward]
    add: [/home/jstidham/Downloads/gcc_arm_embedded/gcc-arm-11.2-2022.02-x86_64-arm-none-eabi/bin/../lib/gcc/arm-none-eabi/11.2.1/include]
    add: [/home/jstidham/Downloads/gcc_arm_embedded/gcc-arm-11.2-2022.02-x86_64-arm-none-eabi/bin/../lib/gcc/arm-none-eabi/11.2.1/include-fixed]
    add: [/home/jstidham/Downloads/gcc_arm_embedded/gcc-arm-11.2-2022.02-x86_64-arm-none-eabi/bin/../lib/gcc/arm-none-eabi/11.2.1/../../../../arm-none-eabi/include]
  end of search list found
  collapse include dir [/home/jstidham/Downloads/gcc_arm_embedded/gcc-arm-11.2-2022.02-x86_64-arm-none-eabi/bin/../lib/gcc/arm-none-eabi/11.2.1/../../../../arm-none-eabi/include/c++/11.2.1] ==> [/home/jstidham/Downloads/gcc_arm_embedded/gcc-arm-11.2-2022.02-x86_64-arm-none-eabi/arm-none-eabi/include/c++/11.2.1]
  collapse include dir [/home/jstidham/Downloads/gcc_arm_embedded/gcc-arm-11.2-2022.02-x86_64-arm-none-eabi/bin/../lib/gcc/arm-none-eabi/11.2.1/../../../../arm-none-eabi/include/c++/11.2.1/arm-none-eabi] ==> [/home/jstidham/Downloads/gcc_arm_embedded/gcc-arm-11.2-2022.02-x86_64-arm-none-eabi/arm-none-eabi/include/c++/11.2.1/arm-none-eabi]
  collapse include dir [/home/jstidham/Downloads/gcc_arm_embedded/gcc-arm-11.2-2022.02-x86_64-arm-none-eabi/bin/../lib/gcc/arm-none-eabi/11.2.1/../../../../arm-none-eabi/include/c++/11.2.1/backward] ==> [/home/jstidham/Downloads/gcc_arm_embedded/gcc-arm-11.2-2022.02-x86_64-arm-none-eabi/arm-none-eabi/include/c++/11.2.1/backward]
  collapse include dir [/home/jstidham/Downloads/gcc_arm_embedded/gcc-arm-11.2-2022.02-x86_64-arm-none-eabi/bin/../lib/gcc/arm-none-eabi/11.2.1/include] ==> [/home/jstidham/Downloads/gcc_arm_embedded/gcc-arm-11.2-2022.02-x86_64-arm-none-eabi/lib/gcc/arm-none-eabi/11.2.1/include]
  collapse include dir [/home/jstidham/Downloads/gcc_arm_embedded/gcc-arm-11.2-2022.02-x86_64-arm-none-eabi/bin/../lib/gcc/arm-none-eabi/11.2.1/include-fixed] ==> [/home/jstidham/Downloads/gcc_arm_embedded/gcc-arm-11.2-2022.02-x86_64-arm-none-eabi/lib/gcc/arm-none-eabi/11.2.1/include-fixed]
  collapse include dir [/home/jstidham/Downloads/gcc_arm_embedded/gcc-arm-11.2-2022.02-x86_64-arm-none-eabi/bin/../lib/gcc/arm-none-eabi/11.2.1/../../../../arm-none-eabi/include] ==> [/home/jstidham/Downloads/gcc_arm_embedded/gcc-arm-11.2-2022.02-x86_64-arm-none-eabi/arm-none-eabi/include]
  implicit include dirs: [/home/jstidham/Downloads/gcc_arm_embedded/gcc-arm-11.2-2022.02-x86_64-arm-none-eabi/arm-none-eabi/include/c++/11.2.1;/home/jstidham/Downloads/gcc_arm_embedded/gcc-arm-11.2-2022.02-x86_64-arm-none-eabi/arm-none-eabi/include/c++/11.2.1/arm-none-eabi;/home/jstidham/Downloads/gcc_arm_embedded/gcc-arm-11.2-2022.02-x86_64-arm-none-eabi/arm-none-eabi/include/c++/11.2.1/backward;/home/jstidham/Downloads/gcc_arm_embedded/gcc-arm-11.2-2022.02-x86_64-arm-none-eabi/lib/gcc/arm-none-eabi/11.2.1/include;/home/jstidham/Downloads/gcc_arm_embedded/gcc-arm-11.2-2022.02-x86_64-arm-none-eabi/lib/gcc/arm-none-eabi/11.2.1/include-fixed;/home/jstidham/Downloads/gcc_arm_embedded/gcc-arm-11.2-2022.02-x86_64-arm-none-eabi/arm-none-eabi/include]


Parsed CXX implicit link information from above output:
  link line regex: [^( *|.*[/\])(arm-none-eabi-ld|CMAKE_LINK_STARTFILE-NOTFOUND|([^/\]+-)?ld|collect2)[^/\]*( |$)]
  ignore line: [Change Dir: /home/jstidham/Desktop/Personal/Quadcopter/Code/RTOS/Build/CMakeFiles/CMakeTmp]
  ignore line: []
  ignore line: [Run Build Command(s):/usr/bin/make cmTC_d5630/fast && /usr/bin/make -f CMakeFiles/cmTC_d5630.dir/build.make CMakeFiles/cmTC_d5630.dir/build]
  ignore line: [make[1]: Entering directory '/home/jstidham/Desktop/Personal/Quadcopter/Code/RTOS/Build/CMakeFiles/CMakeTmp']
  ignore line: [Building CXX object CMakeFiles/cmTC_d5630.dir/CMakeCXXCompilerABI.cpp.obj]
  ignore line: [/home/jstidham/Downloads/gcc_arm_embedded/gcc-arm-11.2-2022.02-x86_64-arm-none-eabi/bin/arm-none-eabi-g++  -fdata-sections -ffunction-sections --specs=nano.specs -Wl --gc-sections -fno-rtti -fno-exceptions -fno-threadsafe-statics    -v -o CMakeFiles/cmTC_d5630.dir/CMakeCXXCompilerABI.cpp.obj -c /usr/share/cmake-3.16/Modules/CMakeCXXCompilerABI.cpp]
  ignore line: [Using built-in specs.]
  ignore line: [Reading specs from /home/jstidham/Downloads/gcc_arm_embedded/gcc-arm-11.2-2022.02-x86_64-arm-none-eabi/bin/../lib/gcc/arm-none-eabi/11.2.1/../../../../arm-none-eabi/lib/nano.specs]
  ignore line: [rename spec link to nano_link]
  ignore line: [rename spec link_gcc_c_sequence to nano_link_gcc_c_sequence]
  ignore line: [rename spec cpp_unique_options to nano_cpp_unique_options]
  ignore line: [COLLECT_GCC=/home/jstidham/Downloads/gcc_arm_embedded/gcc-arm-11.2-2022.02-x86_64-arm-none-eabi/bin/arm-none-eabi-g++]
  ignore line: [Target: arm-none-eabi]
  ignore line: [Configured with: /data/jenkins/workspace/GNU-toolchain/arm-11/src/gcc/configure --target=arm-none-eabi --prefix=/data/jenkins/workspace/GNU-toolchain/arm-11/build-arm-none-eabi/install// --with-gmp=/data/jenkins/workspace/GNU-toolchain/arm-11/build-arm-none-eabi/host-tools --with-mpfr=/data/jenkins/workspace/GNU-toolchain/arm-11/build-arm-none-eabi/host-tools --with-mpc=/data/jenkins/workspace/GNU-toolchain/arm-11/build-arm-none-eabi/host-tools --with-isl=/data/jenkins/workspace/GNU-toolchain/arm-11/build-arm-none-eabi/host-tools --disable-shared --disable-nls --disable-threads --disable-tls --enable-checking=release --enable-languages=c c++ fortran --with-newlib --with-multilib-list=aprofile rmprofile --with-pkgversion='GNU Toolchain for the Arm Architecture 11.2-2022.02 (arm-11.14)' --with-bugurl=https://bugs.linaro.org/]
  ignore line: [Thread model: single]
  ignore line: [Supported LTO compression algorithms: zlib]
  ignore line: [gcc version 11.2.1 20220111 (GNU Toolchain for the Arm Architecture 11.2-2022.02 (arm-11.14)) ]
  ignore line: [COLLECT_GCC_OPTIONS='-fdata-sections' '-ffunction-sections' '-specs=nano.specs' '-fno-rtti' '-fno-exceptions' '-fno-threadsafe-statics' '-v' '-o' 'CMakeFiles/cmTC_d5630.dir/CMakeCXXCompilerABI.cpp.obj' '-c' '-mcpu=arm7tdmi' '-mfloat-abi=soft' '-marm' '-mlibarch=armv4t' '-march=armv4t' '-dumpdir' 'CMakeFiles/cmTC_d5630.dir/']
  ignore line: [ /home/jstidham/Downloads/gcc_arm_embedded/gcc-arm-11.2-2022.02-x86_64-arm-none-eabi/bin/../libexec/gcc/arm-none-eabi/11.2.1/cc1plus -isystem =/include/newlib-nano -quiet -v -iprefix /home/jstidham/Downloads/gcc_arm_embedded/gcc-arm-11.2-2022.02-x86_64-arm-none-eabi/bin/../lib/gcc/arm-none-eabi/11.2.1/ -D__USES_INITFINI__ /usr/share/cmake-3.16/Modules/CMakeCXXCompilerABI.cpp -quiet -dumpdir CMakeFiles/cmTC_d5630.dir/ -dumpbase CMakeCXXCompilerABI.cpp.cpp -dumpbase-ext .cpp -mcpu=arm7tdmi -mfloat-abi=soft -marm -mlibarch=armv4t -march=armv4t -version -fdata-sections -ffunction-sections -fno-rtti -fno-exceptions -fno-threadsafe-statics -o /tmp/ccebyact.s]
  ignore line: [GNU C++17 (GNU Toolchain for the Arm Architecture 11.2-2022.02 (arm-11.14)) version 11.2.1 20220111 (arm-none-eabi)]
  ignore line: [	compiled by GNU C version 4.8.5 20150623 (Red Hat 4.8.5-44)  GMP version 6.2.1  MPFR version 3.1.6  MPC version 1.0.3  isl version isl-0.15-1-g835ea3a-GMP]
  ignore line: []
  ignore line: [GGC heuristics: --param ggc-min-expand=100 --param ggc-min-heapsize=131072]
  ignore line: [ignoring nonexistent directory "=/include/newlib-nano"]
  ignore line: [ignoring nonexistent directory "/home/jstidham/Downloads/gcc_arm_embedded/gcc-arm-11.2-2022.02-x86_64-arm-none-eabi/bin/../lib/gcc/arm-none-eabi/11.2.1/../../../../arm-none-eabi/sys-include"]
  ignore line: [ignoring duplicate directory "/home/jstidham/Downloads/gcc_arm_embedded/gcc-arm-11.2-2022.02-x86_64-arm-none-eabi/bin/../lib/gcc/../../lib/gcc/arm-none-eabi/11.2.1/../../../../arm-none-eabi/include/c++/11.2.1"]
  ignore line: [ignoring duplicate directory "/home/jstidham/Downloads/gcc_arm_embedded/gcc-arm-11.2-2022.02-x86_64-arm-none-eabi/bin/../lib/gcc/../../lib/gcc/arm-none-eabi/11.2.1/../../../../arm-none-eabi/include/c++/11.2.1/arm-none-eabi"]
  ignore line: [ignoring duplicate directory "/home/jstidham/Downloads/gcc_arm_embedded/gcc-arm-11.2-2022.02-x86_64-arm-none-eabi/bin/../lib/gcc/../../lib/gcc/arm-none-eabi/11.2.1/../../../../arm-none-eabi/include/c++/11.2.1/backward"]
  ignore line: [ignoring duplicate directory "/home/jstidham/Downloads/gcc_arm_embedded/gcc-arm-11.2-2022.02-x86_64-arm-none-eabi/bin/../lib/gcc/../../lib/gcc/arm-none-eabi/11.2.1/include"]
  ignore line: [ignoring duplicate directory "/home/jstidham/Downloads/gcc_arm_embedded/gcc-arm-11.2-2022.02-x86_64-arm-none-eabi/bin/../lib/gcc/../../lib/gcc/arm-none-eabi/11.2.1/include-fixed"]
  ignore line: [ignoring nonexistent directory "/home/jstidham/Downloads/gcc_arm_embedded/gcc-arm-11.2-2022.02-x86_64-arm-none-eabi/bin/../lib/gcc/../../lib/gcc/arm-none-eabi/11.2.1/../../../../arm-none-eabi/sys-include"]
  ignore line: [ignoring duplicate directory "/home/jstidham/Downloads/gcc_arm_embedded/gcc-arm-11.2-2022.02-x86_64-arm-none-eabi/bin/../lib/gcc/../../lib/gcc/arm-none-eabi/11.2.1/../../../../arm-none-eabi/include"]
  ignore line: [#include "..." search starts here:]
  ignore line: [#include <...> search starts here:]
  ignore line: [ /home/jstidham/Downloads/gcc_arm_embedded/gcc-arm-11.2-2022.02-x86_64-arm-none-eabi/bin/../lib/gcc/arm-none-eabi/11.2.1/../../../../arm-none-eabi/include/c++/11.2.1]
  ignore line: [ /home/jstidham/Downloads/gcc_arm_embedded/gcc-arm-11.2-2022.02-x86_64-arm-none-eabi/bin/../lib/gcc/arm-none-eabi/11.2.1/../../../../arm-none-eabi/include/c++/11.2.1/arm-none-eabi]
  ignore line: [ /home/jstidham/Downloads/gcc_arm_embedded/gcc-arm-11.2-2022.02-x86_64-arm-none-eabi/bin/../lib/gcc/arm-none-eabi/11.2.1/../../../../arm-none-eabi/include/c++/11.2.1/backward]
  ignore line: [ /home/jstidham/Downloads/gcc_arm_embedded/gcc-arm-11.2-2022.02-x86_64-arm-none-eabi/bin/../lib/gcc/arm-none-eabi/11.2.1/include]
  ignore line: [ /home/jstidham/Downloads/gcc_arm_embedded/gcc-arm-11.2-2022.02-x86_64-arm-none-eabi/bin/../lib/gcc/arm-none-eabi/11.2.1/include-fixed]
  ignore line: [ /home/jstidham/Downloads/gcc_arm_embedded/gcc-arm-11.2-2022.02-x86_64-arm-none-eabi/bin/../lib/gcc/arm-none-eabi/11.2.1/../../../../arm-none-eabi/include]
  ignore line: [End of search list.]
  ignore line: [GNU C++17 (GNU Toolchain for the Arm Architecture 11.2-2022.02 (arm-11.14)) version 11.2.1 20220111 (arm-none-eabi)]
  ignore line: [	compiled by GNU C version 4.8.5 20150623 (Red Hat 4.8.5-44)  GMP version 6.2.1  MPFR version 3.1.6  MPC version 1.0.3  isl version isl-0.15-1-g835ea3a-GMP]
  ignore line: []
  ignore line: [GGC heuristics: --param ggc-min-expand=100 --param ggc-min-heapsize=131072]
  ignore line: [Compiler executable checksum: 9ad272ca4cdc7e8f27d55cab27a14a24]
  ignore line: [COLLECT_GCC_OPTIONS='-fdata-sections' '-ffunction-sections' '-specs=nano.specs' '-fno-rtti' '-fno-exceptions' '-fno-threadsafe-statics' '-v' '-o' 'CMakeFiles/cmTC_d5630.dir/CMakeCXXCompilerABI.cpp.obj' '-c' '-mcpu=arm7tdmi' '-mfloat-abi=soft' '-marm' '-mlibarch=armv4t' '-march=armv4t' '-dumpdir' 'CMakeFiles/cmTC_d5630.dir/']
  ignore line: [ /home/jstidham/Downloads/gcc_arm_embedded/gcc-arm-11.2-2022.02-x86_64-arm-none-eabi/bin/../lib/gcc/arm-none-eabi/11.2.1/../../../../arm-none-eabi/bin/as -march=armv4t -mfloat-abi=soft -meabi=5 -o CMakeFiles/cmTC_d5630.dir/CMakeCXXCompilerABI.cpp.obj /tmp/ccebyact.s]
  ignore line: [COMPILER_PATH=/home/jstidham/Downloads/gcc_arm_embedded/gcc-arm-11.2-2022.02-x86_64-arm-none-eabi/bin/../libexec/gcc/arm-none-eabi/11.2.1/:/home/jstidham/Downloads/gcc_arm_embedded/gcc-arm-11.2-2022.02-x86_64-arm-none-eabi/bin/../libexec/gcc/:/home/jstidham/Downloads/gcc_arm_embedded/gcc-arm-11.2-2022.02-x86_64-arm-none-eabi/bin/../lib/gcc/arm-none-eabi/11.2.1/../../../../arm-none-eabi/bin/]
  ignore line: [LIBRARY_PATH=/home/jstidham/Downloads/gcc_arm_embedded/gcc-arm-11.2-2022.02-x86_64-arm-none-eabi/bin/../lib/gcc/arm-none-eabi/11.2.1/:/home/jstidham/Downloads/gcc_arm_embedded/gcc-arm-11.2-2022.02-x86_64-arm-none-eabi/bin/../lib/gcc/:/home/jstidham/Downloads/gcc_arm_embedded/gcc-arm-11.2-2022.02-x86_64-arm-none-eabi/bin/../lib/gcc/arm-none-eabi/11.2.1/../../../../arm-none-eabi/lib/]
  ignore line: [COLLECT_GCC_OPTIONS='-fdata-sections' '-ffunction-sections' '-specs=nano.specs' '-fno-rtti' '-fno-exceptions' '-fno-threadsafe-statics' '-v' '-o' 'CMakeFiles/cmTC_d5630.dir/CMakeCXXCompilerABI.cpp.obj' '-c' '-mcpu=arm7tdmi' '-mfloat-abi=soft' '-marm' '-mlibarch=armv4t' '-march=armv4t' '-dumpdir' 'CMakeFiles/cmTC_d5630.dir/CMakeCXXCompilerABI.cpp.']
  ignore line: [Linking CXX static library libcmTC_d5630.a]
  ignore line: [/usr/bin/cmake -P CMakeFiles/cmTC_d5630.dir/cmake_clean_target.cmake]
  ignore line: [/usr/bin/cmake -E cmake_link_script CMakeFiles/cmTC_d5630.dir/link.txt --verbose=1]
  ignore line: [/home/jstidham/Downloads/gcc_arm_embedded/gcc-arm-11.2-2022.02-x86_64-arm-none-eabi/bin/arm-none-eabi-ar qc libcmTC_d5630.a  CMakeFiles/cmTC_d5630.dir/CMakeCXXCompilerABI.cpp.obj]
  ignore line: [/home/jstidham/Downloads/gcc_arm_embedded/gcc-arm-11.2-2022.02-x86_64-arm-none-eabi/bin/arm-none-eabi-ranlib libcmTC_d5630.a]
  ignore line: [make[1]: Leaving directory '/home/jstidham/Desktop/Personal/Quadcopter/Code/RTOS/Build/CMakeFiles/CMakeTmp']
  ignore line: []
  ignore line: []
  implicit libs: []
  implicit dirs: []
  implicit fwks: []


Checking whether the ASM compiler is GNU using "--version" matched "(GNU assembler)|(GCC)|(Free Software Foundation)":
arm-none-eabi-gcc (GNU Toolchain for the Arm Architecture 11.2-2022.02 (arm-11.14)) 11.2.1 20220111
Copyright (C) 2021 Free Software Foundation, Inc.
This is free software; see the source for copying conditions.  There is NO
warranty; not even for MERCHANTABILITY or FITNESS FOR A PARTICULAR PURPOSE.

